<?xml version="1.0" encoding="UTF-8"?>
<!-- Generated by org.testng.reporters.JUnitXMLReporter -->
<testsuite hostname="LAPTOP-9SSDU2GV" ignored="0" name="google Test" tests="1" failures="1" timestamp="13 Sep 2023 14:22:04 GMT" time="23.528" errors="0">
  <testcase name="loginGoogleTest" time="23.416" classname="a1_googleTest.A1_SampleGoogle">
    <failure type="org.openqa.selenium.NoSuchWindowException" message="no such window
  (Session info: chrome=116.0.5845.187)
Build info: version: &amp;apos;4.11.0&amp;apos;, revision: &amp;apos;040bc5406b&amp;apos;
System info: os.name: &amp;apos;Windows 10&amp;apos;, os.arch: &amp;apos;amd64&amp;apos;, os.version: &amp;apos;10.0&amp;apos;, java.version: &amp;apos;1.8.0_291&amp;apos;
Driver info: org.openqa.selenium.chrome.ChromeDriver
Command: [aa7a97f2b6ae9b85e2bac526fe9f090d, getTitle {}]
Capabilities {acceptInsecureCerts: false, browserName: chrome, browserVersion: 116.0.5845.187, chrome: {chromedriverVersion: 116.0.5845.96 (1a3918166880..., userDataDir: C:\Users\SUGANY~1\AppData\L...}, fedcm:accounts: true, goog:chromeOptions: {debuggerAddress: localhost:57793}, networkConnectionEnabled: false, pageLoadStrategy: normal, platformName: windows, proxy: Proxy(), se:cdp: ws://localhost:57793/devtoo..., se:cdpVersion: 116.0.5845.187, setWindowRect: true, strictFileInteractability: false, timeouts: {implicit: 0, pageLoad: 300000, script: 30000}, unhandledPromptBehavior: dismiss and notify, webauthn:extension:credBlob: true, webauthn:extension:largeBlob: true, webauthn:extension:minPinLength: true, webauthn:extension:prf: true, webauthn:virtualAuthenticators: true}
Session ID: aa7a97f2b6ae9b85e2bac526fe9f090d">
      <![CDATA[org.openqa.selenium.NoSuchWindowException: no such window  (Session info: chrome=116.0.5845.187)Build info: version: '4.11.0', revision: '040bc5406b'System info: os.name: 'Windows 10', os.arch: 'amd64', os.version: '10.0', java.version: '1.8.0_291'Driver info: org.openqa.selenium.chrome.ChromeDriverCommand: [aa7a97f2b6ae9b85e2bac526fe9f090d, getTitle {}]Capabilities {acceptInsecureCerts: false, browserName: chrome, browserVersion: 116.0.5845.187, chrome: {chromedriverVersion: 116.0.5845.96 (1a3918166880..., userDataDir: C:\Users\SUGANY~1\AppData\L...}, fedcm:accounts: true, goog:chromeOptions: {debuggerAddress: localhost:57793}, networkConnectionEnabled: false, pageLoadStrategy: normal, platformName: windows, proxy: Proxy(), se:cdp: ws://localhost:57793/devtoo..., se:cdpVersion: 116.0.5845.187, setWindowRect: true, strictFileInteractability: false, timeouts: {implicit: 0, pageLoad: 300000, script: 30000}, unhandledPromptBehavior: dismiss and notify, webauthn:extension:credBlob: true, webauthn:extension:largeBlob: true, webauthn:extension:minPinLength: true, webauthn:extension:prf: true, webauthn:virtualAuthenticators: true}Session ID: aa7a97f2b6ae9b85e2bac526fe9f090dat org.openqa.selenium.remote.codec.w3c.W3CHttpResponseCodec.createException(W3CHttpResponseCodec.java:200)at org.openqa.selenium.remote.codec.w3c.W3CHttpResponseCodec.decode(W3CHttpResponseCodec.java:133)at org.openqa.selenium.remote.codec.w3c.W3CHttpResponseCodec.decode(W3CHttpResponseCodec.java:52)at org.openqa.selenium.remote.HttpCommandExecutor.execute(HttpCommandExecutor.java:191)at org.openqa.selenium.remote.service.DriverCommandExecutor.invokeExecute(DriverCommandExecutor.java:196)at org.openqa.selenium.remote.service.DriverCommandExecutor.execute(DriverCommandExecutor.java:171)at org.openqa.selenium.remote.RemoteWebDriver.execute(RemoteWebDriver.java:518)at org.openqa.selenium.remote.RemoteWebDriver.execute(RemoteWebDriver.java:591)at org.openqa.selenium.remote.RemoteWebDriver.execute(RemoteWebDriver.java:595)at org.openqa.selenium.remote.RemoteWebDriver.getTitle(RemoteWebDriver.java:305)at a1_googleTest.A1_SampleGoogle.loginGoogleTest(A1_SampleGoogle.java:31)... Removed 30 stack frames]]>
    </failure>
  </testcase> <!-- loginGoogleTest -->
</testsuite> <!-- google Test -->
